C:\KURSACH_2017\CLIENT\CLIENT\X64\RELEASE\CLIENT.PCH
C:\KURSACH_2017\CLIENT\CLIENT\X64\RELEASE\STDAFX.OBJ
C:\KURSACH_2017\CLIENT\CLIENT\X64\RELEASE\VC110.PDB
C:\KURSACH_2017\CLIENT\CLIENT\X64\RELEASE\CLIENTFORM.OBJ
C:\KURSACH_2017\CLIENT\CLIENT\X64\RELEASE\CLIENT.OBJ
C:\KURSACH_2017\CLIENT\CLIENT\X64\RELEASE\ASSEMBLYINFO.OBJ
C:\KURSACH_2017\CLIENT\CLIENT\X64\RELEASE\MESSAGEAPI.OBJ
C:\KURSACH_2017\CLIENT\CLIENT\X64\RELEASE\IMTHREADWORK.OBJ
C:\KURSACH_2017\CLIENT\CLIENT\X64\RELEASE\.NETFRAMEWORK,VERSION=V4.5.2.ASSEMBLYATTRIBUTES.OBJ
C:\Kursach_2017\Client\Client\x64\Release\Client.ClientForm.resources
C:\KURSACH_2017\CLIENT\X64\RELEASE\CLIENT.EXE
C:\KURSACH_2017\CLIENT\X64\RELEASE\CLIENT.PDB
C:\KURSACH_2017\CLIENT\CLIENT\X64\RELEASE\APP.RES
C:\Kursach_2017\Client\Client\x64\Release\Client.vcxproj.GenerateResource.Cache
C:\Kursach_2017\Client\Client\x64\Release\.NETFramework,Version=v4.5.2.AssemblyAttributes.obj
C:\Kursach_2017\Client\Client\x64\Release\AssemblyInfo.obj
C:\Kursach_2017\Client\Client\x64\Release\Client.obj
C:\Kursach_2017\Client\Client\x64\Release\ClientForm.obj
C:\Kursach_2017\Client\Client\x64\Release\IMThreadWork.obj
C:\Kursach_2017\Client\Client\x64\Release\MessageAPI.obj
C:\Kursach_2017\Client\Client\x64\Release\stdafx.obj
C:\Kursach_2017\Client\Client\x64\Release\CL.1592.read.1.tlog
C:\Kursach_2017\Client\Client\x64\Release\CL.1592.write.1.tlog
C:\Kursach_2017\Client\Client\x64\Release\CL.4296.read.1.tlog
C:\Kursach_2017\Client\Client\x64\Release\CL.4296.write.1.tlog
C:\Kursach_2017\Client\Client\x64\Release\CL.5376.read.1.tlog
C:\Kursach_2017\Client\Client\x64\Release\CL.5376.write.1.tlog
C:\Kursach_2017\Client\Client\x64\Release\CL.6584.read.1.tlog
C:\Kursach_2017\Client\Client\x64\Release\CL.6584.write.1.tlog
C:\Kursach_2017\Client\Client\x64\Release\CL.6956.read.1.tlog
C:\Kursach_2017\Client\Client\x64\Release\CL.6956.write.1.tlog
C:\Kursach_2017\Client\Client\x64\Release\CL.7476.read.1.tlog
C:\Kursach_2017\Client\Client\x64\Release\CL.7476.write.1.tlog
C:\Kursach_2017\Client\Client\x64\Release\CL.7516.read.1.tlog
C:\Kursach_2017\Client\Client\x64\Release\CL.7516.write.1.tlog
C:\Kursach_2017\Client\Client\x64\Release\cl.command.1.tlog
C:\Kursach_2017\Client\Client\x64\Release\CL.read.1.tlog
C:\Kursach_2017\Client\Client\x64\Release\CL.write.1.tlog
C:\Kursach_2017\Client\Client\x64\Release\Client.write.1.tlog
C:\Kursach_2017\Client\Client\x64\Release\link-cvtres.read.1.tlog
C:\Kursach_2017\Client\Client\x64\Release\link-cvtres.write.1.tlog
C:\Kursach_2017\Client\Client\x64\Release\link-rc.read.1.tlog
C:\Kursach_2017\Client\Client\x64\Release\link-rc.write.1.tlog
C:\Kursach_2017\Client\Client\x64\Release\link.command.1.tlog
C:\Kursach_2017\Client\Client\x64\Release\link.read.1.tlog
C:\Kursach_2017\Client\Client\x64\Release\link.write.1.tlog
C:\Kursach_2017\Client\Client\x64\Release\metagen.read.1.tlog
C:\Kursach_2017\Client\Client\x64\Release\metagen.write.1.tlog
C:\Kursach_2017\Client\Client\x64\Release\rc.command.1.tlog
C:\Kursach_2017\Client\Client\x64\Release\rc.read.1.tlog
C:\Kursach_2017\Client\Client\x64\Release\rc.write.1.tlog
C:\Kursach_2017\Client\Client\x64\Release\app.res
C:\Kursach_2017\Client\Client\x64\Release\Client.pch
C:\Kursach_2017\Client\Client\x64\Release\vc110.pdb
C:\Kursach_2017\Client\Client\x64\Release\RSAENH.DLL.bi
C:\Kursach_2017\Client\Client\x64\Release\TZRES.DLL.bi
C:\Kursach_2017\Client\x64\Release\Client.pdb
C:\Kursach_2017\Client\x64\Release\Client.exe
