Сборка начата 17.04.2017 13:04:39.
     1>Проект "C:\Kursach_2017\Client\Client\Client.vcxproj" в узле 2 (целевые объекты Build).
       Файл проекта содержит ToolsVersion="14.0". Возможно, этот набор инструментов неизвестен или отсутствует (в этом случае проблему можно устранить, установив подходящую версию MSBuild), либо для данной сборки определено конкретное значение ToolsVersion в параметрах политики. Проект обрабатывается как имеющий ToolsVersion="4.0". Дополнительные сведения см. по ссылке http://go.microsoft.com/fwlink/?LinkId=291333.
     1>ClCompile:
         C:\Program Files (x86)\Microsoft Visual Studio 11.0\VC\bin\x86_amd64\CL.exe /c /AI"C:\Program Files (x86)\Reference Assemblies\Microsoft\Framework\.NETFramework\v4.5.2\\" /AI"C:\Program Files (x86)\Windows Kits\8.0\References\CommonConfiguration\Neutral" /AI"C:\Program Files (x86)\Reference Assemblies\Microsoft\Framework\.NETFramework\v4.5.2\Facades\\" /Zi /clr /nologo /W3 /WX- /MP /O2 /D NDEBUG /D _UNICODE /D UNICODE /EHa /MD /GS /fp:precise /Zc:wchar_t /Zc:forScope /Yu"stdafx.h" /Fp"x64\Release\Client.pch" /Fo"x64\Release\\" /Fd"x64\Release\vc110.pdb" /TP /FU"C:\Program Files (x86)\Reference Assemblies\Microsoft\Framework\.NETFramework\v4.5.2\mscorlib.dll" /FU"C:\Program Files (x86)\Reference Assemblies\Microsoft\Framework\.NETFramework\v4.5.2\System.Configuration.dll" /FU"C:\Program Files (x86)\Reference Assemblies\Microsoft\Framework\.NETFramework\v4.5.2\System.Data.dll" /FU"C:\Program Files (x86)\Reference Assemblies\Microsoft\Framework\.NETFramework\v4.5.2\System.dll" /FU"C:\Program Files (x86)\Reference Assemblies\Microsoft\Framework\.NETFramework\v4.5.2\System.Drawing.dll" /FU"C:\Program Files (x86)\Reference Assemblies\Microsoft\Framework\.NETFramework\v4.5.2\System.Windows.Forms.dll" /FU"C:\Program Files (x86)\Reference Assemblies\Microsoft\Framework\.NETFramework\v4.5.2\System.Xml.dll" /errorReport:prompt Client.cpp ClientForm.cpp IMThreadWork.cpp
         Client.cpp
         IMThreadWork.cpp
         ClientForm.cpp
     1>IMThreadWork.cpp(120): warning C4101: thAbort: неиспользованная локальная переменная
     1>IMThreadWork.cpp(124): warning C4101: e: неиспользованная локальная переменная
       Link:
         C:\Program Files (x86)\Microsoft Visual Studio 11.0\VC\bin\x86_amd64\link.exe /ERRORREPORT:PROMPT /OUT:"C:\Kursach_2017\Client\x64\Release\Client.exe" /INCREMENTAL:NO /NOLOGO /ASSEMBLYRESOURCE:x64\Release\Client.ClientForm.resources /MANIFEST /MANIFESTUAC:"level='asInvoker' uiAccess='false'" /manifest:embed /DEBUG /PDB:"C:\Kursach_2017\Client\x64\Release\Client.pdb" /SUBSYSTEM:WINDOWS /TLBID:1 /ENTRY:"main" /DYNAMICBASE /FIXED:NO /NXCOMPAT /MACHINE:X64 x64\Release\app.res
         x64\Release\AssemblyInfo.obj
         x64\Release\Client.obj
         x64\Release\ClientForm.obj
         x64\Release\IMThreadWork.obj
         x64\Release\MessageAPI.obj
         x64\Release\stdafx.obj
         "x64\Release\.NETFramework,Version=v4.5.2.AssemblyAttributes.obj"
         Client.vcxproj -> C:\Kursach_2017\Client\x64\Release\Client.exe
     1>Построение проекта "C:\Kursach_2017\Client\Client\Client.vcxproj" завершено (целевые объекты Build).

Сборка успешно завершена.

Затраченное время: 00:00:00.98
