C:\KURSACH_2017\SERVER\X64\DEBUG\SERVER.PCH
C:\KURSACH_2017\SERVER\X64\DEBUG\STDAFX.OBJ
C:\KURSACH_2017\SERVER\X64\DEBUG\VC110.PDB
C:\KURSACH_2017\SERVER\X64\DEBUG\DATAINTHREAD.OBJ
C:\KURSACH_2017\SERVER\X64\DEBUG\THREADSWORK.OBJ
C:\KURSACH_2017\SERVER\X64\DEBUG\SCANTHREAD.OBJ
C:\KURSACH_2017\SERVER\X64\DEBUG\MESSAGEAPI.OBJ
C:\KURSACH_2017\SERVER\X64\DEBUG\SERVERFORM.OBJ
C:\KURSACH_2017\SERVER\X64\DEBUG\ASSEMBLYINFO.OBJ
C:\KURSACH_2017\SERVER\X64\DEBUG\SERVER.OBJ
C:\KURSACH_2017\SERVER\X64\DEBUG\.NETFRAMEWORK,VERSION=V4.5.2.ASSEMBLYATTRIBUTES.OBJ
C:\KURSACH_2017\SERVER\X64\DEBUG\SERVER.ILK
C:\KURSACH_2017\SERVER\X64\DEBUG\SERVER.EXE
C:\KURSACH_2017\SERVER\X64\DEBUG\SERVER.PDB
C:\KURSACH_2017\SERVER\X64\DEBUG\APP.RES
C:\Kursach_2017\Server\x64\Debug\Client.ServerForm.resources
C:\Kursach_2017\Server\x64\Debug\Server.vcxproj.GenerateResource.Cache
C:\Kursach_2017\Server\x64\Debug\Server.vcxprojResolveAssemblyReference.cache
C:\Kursach_2017\Server\x64\Debug\.NETFramework,Version=v4.5.2.AssemblyAttributes.obj
C:\Kursach_2017\Server\x64\Debug\AssemblyInfo.obj
C:\Kursach_2017\Server\x64\Debug\DataInThread.obj
C:\Kursach_2017\Server\x64\Debug\MessageAPI.obj
C:\Kursach_2017\Server\x64\Debug\ScanThread.obj
C:\Kursach_2017\Server\x64\Debug\Server.obj
C:\Kursach_2017\Server\x64\Debug\ServerForm.obj
C:\Kursach_2017\Server\x64\Debug\stdafx.obj
C:\Kursach_2017\Server\x64\Debug\ThreadsWork.obj
C:\Kursach_2017\Server\x64\Debug\Server.ilk
C:\Kursach_2017\Server\x64\Debug\CL.1232.read.1.tlog
C:\Kursach_2017\Server\x64\Debug\CL.1232.write.1.tlog
C:\Kursach_2017\Server\x64\Debug\CL.4740.read.1.tlog
C:\Kursach_2017\Server\x64\Debug\CL.4740.write.1.tlog
C:\Kursach_2017\Server\x64\Debug\CL.7880.read.1.tlog
C:\Kursach_2017\Server\x64\Debug\CL.7880.write.1.tlog
C:\Kursach_2017\Server\x64\Debug\CL.8164.read.1.tlog
C:\Kursach_2017\Server\x64\Debug\CL.8164.write.1.tlog
C:\Kursach_2017\Server\x64\Debug\cl.command.1.tlog
C:\Kursach_2017\Server\x64\Debug\CL.read.1.tlog
C:\Kursach_2017\Server\x64\Debug\CL.write.1.tlog
C:\Kursach_2017\Server\x64\Debug\link.5812-cvtres.read.1.tlog
C:\Kursach_2017\Server\x64\Debug\link.5812-cvtres.write.1.tlog
C:\Kursach_2017\Server\x64\Debug\link.5812-rc.read.1.tlog
C:\Kursach_2017\Server\x64\Debug\link.5812-rc.write.1.tlog
C:\Kursach_2017\Server\x64\Debug\link.5812.read.1.tlog
C:\Kursach_2017\Server\x64\Debug\link.5812.write.1.tlog
C:\Kursach_2017\Server\x64\Debug\link.command.1.tlog
C:\Kursach_2017\Server\x64\Debug\link.read.1.tlog
C:\Kursach_2017\Server\x64\Debug\link.write.1.tlog
C:\Kursach_2017\Server\x64\Debug\metagen.read.1.tlog
C:\Kursach_2017\Server\x64\Debug\metagen.write.1.tlog
C:\Kursach_2017\Server\x64\Debug\rc.command.1.tlog
C:\Kursach_2017\Server\x64\Debug\rc.read.1.tlog
C:\Kursach_2017\Server\x64\Debug\rc.write.1.tlog
C:\Kursach_2017\Server\x64\Debug\Server.write.1.tlog
C:\Kursach_2017\Server\x64\Debug\app.res
C:\Kursach_2017\Server\x64\Debug\Server.pch
C:\Kursach_2017\Server\x64\Debug\Server.pdb
C:\Kursach_2017\Server\x64\Debug\vc110.pdb
C:\Kursach_2017\Server\x64\Debug\Server.exe.metagen
C:\Kursach_2017\Server\x64\Debug\RSAENH.DLL.bi
C:\Kursach_2017\Server\x64\Debug\TZRES.DLL.bi
C:\Kursach_2017\Server\x64\Debug\Server.exe
