d:\учеба\8 семестр\kursach_client\server\debug\server.pch
d:\учеба\8 семестр\kursach_client\server\debug\vc140.pdb
d:\учеба\8 семестр\kursach_client\server\debug\stdafx.obj
d:\учеба\8 семестр\kursach_client\server\debug\serverform.obj
d:\учеба\8 семестр\kursach_client\server\debug\assemblyinfo.obj
d:\учеба\8 семестр\kursach_client\server\debug\server.obj
d:\учеба\8 семестр\kursach_client\server\debug\.netframework,version=v4.5.2.assemblyattributes.obj
d:\учеба\8 семестр\kursach_client\server\debug\.netframework,version=v4.5.2.assemblyattributes.asm
d:\учеба\8 семестр\kursach_client\server\debug\server.exe
d:\учеба\8 семестр\kursach_client\server\debug\server.pdb
d:\учеба\8 семестр\kursach_client\server\debug\app.res
d:\учеба\8 семестр\kursach_client\server\debug\client.serverform.resources
d:\учеба\8 семестр\kursach_client\server\debug\client.vcxprojresolveassemblyreference.cache
d:\учеба\8 семестр\kursach_client\server\debug\server.vcxproj.generateresource.cache
d:\учеба\8 семестр\kursach_client\server\debug\server.vcxprojresolveassemblyreference.cache
d:\учеба\8 семестр\kursach_client\server\debug\server.exe.metagen
d:\учеба\8 семестр\kursach_client\server\debug\server.tlog\cl.command.1.tlog
d:\учеба\8 семестр\kursach_client\server\debug\server.tlog\cl.read.1.tlog
d:\учеба\8 семестр\kursach_client\server\debug\server.tlog\cl.write.1.tlog
d:\учеба\8 семестр\kursach_client\server\debug\server.tlog\link.command.1.tlog
d:\учеба\8 семестр\kursach_client\server\debug\server.tlog\link.read.1.tlog
d:\учеба\8 семестр\kursach_client\server\debug\server.tlog\link.write.1.tlog
d:\учеба\8 семестр\kursach_client\server\debug\server.tlog\metagen.read.1.tlog
d:\учеба\8 семестр\kursach_client\server\debug\server.tlog\metagen.write.1.tlog
d:\учеба\8 семестр\kursach_client\server\debug\server.tlog\rc.command.1.tlog
d:\учеба\8 семестр\kursach_client\server\debug\server.tlog\rc.read.1.tlog
d:\учеба\8 семестр\kursach_client\server\debug\server.tlog\rc.write.1.tlog
d:\учеба\8 семестр\kursach_client\server\debug\server.tlog\server.write.1u.tlog
d:\учеба\8 семестр\kursach_client\server\debug\server.tlog\rsaenh.dll.bi
d:\учеба\8 семестр\kursach_client\server\debug\server.tlog\tzres.dll.bi
